<?xml version="1.0" encoding="UTF-8"?>
<!-- Generated by org.testng.reporters.JUnitXMLReporter -->
<testsuite ignored="0" hostname="KMC" failures="0" tests="4" name="Default test" time="0.164" errors="0" timestamp="2022-12-11T00:50:34 IST">
  <testcase classname="demo.Tst1" name="demo1" time="0.025"/>
  <testcase classname="demo.Tst0" name="demo1" time="0.004"/>
  <testcase classname="demo.Tst3" name="demo1" time="0.003"/>
  <testcase classname="demo.Tst2" name="demo1" time="0.007"/>
</testsuite> <!-- Default test -->
