<?xml version="1.0" encoding="UTF-8"?>
<testng-results ignored="0" total="4" passed="4" failed="0" skipped="0">
  <reporter-output>
    <line>
      <![CDATA[hi welcome to this place]]>
    </line>
    <line>
      <![CDATA[hi welcome to my home]]>
    </line>
    <line>
      <![CDATA[hi get out of this place]]>
    </line>
    <line>
      <![CDATA[hi welcome to new place]]>
    </line>
  </reporter-output>
  <suite started-at="2022-12-11T00:50:33 IST" name="Default suite" finished-at="2022-12-11T00:50:33 IST" duration-ms="164">
    <groups>
    </groups>
    <test started-at="2022-12-11T00:50:33 IST" name="Default test" finished-at="2022-12-11T00:50:33 IST" duration-ms="164">
      <class name="demo.Tst1">
        <test-method signature="demo1()[pri:0, instance:demo.Tst1@6d3a388c]" started-at="2022-12-11T00:50:33 IST" name="demo1" finished-at="2022-12-11T00:50:33 IST" duration-ms="25" status="PASS">
          <reporter-output>
            <line>
              <![CDATA[hi welcome to this place]]>
            </line>
          </reporter-output>
        </test-method> <!-- demo1 -->
      </class> <!-- demo.Tst1 -->
      <class name="demo.Tst0">
        <test-method signature="demo1()[pri:0, instance:demo.Tst0@3c73951]" started-at="2022-12-11T00:50:33 IST" name="demo1" finished-at="2022-12-11T00:50:33 IST" duration-ms="4" status="PASS">
          <reporter-output>
            <line>
              <![CDATA[hi welcome to my home]]>
            </line>
          </reporter-output>
        </test-method> <!-- demo1 -->
      </class> <!-- demo.Tst0 -->
      <class name="demo.Tst3">
        <test-method signature="demo1()[pri:0, instance:demo.Tst3@3d5c822d]" started-at="2022-12-11T00:50:33 IST" name="demo1" finished-at="2022-12-11T00:50:33 IST" duration-ms="3" status="PASS">
          <reporter-output>
            <line>
              <![CDATA[hi get out of this place]]>
            </line>
          </reporter-output>
        </test-method> <!-- demo1 -->
      </class> <!-- demo.Tst3 -->
      <class name="demo.Tst2">
        <test-method signature="demo1()[pri:0, instance:demo.Tst2@6f46426d]" started-at="2022-12-11T00:50:33 IST" name="demo1" finished-at="2022-12-11T00:50:33 IST" duration-ms="7" status="PASS">
          <reporter-output>
            <line>
              <![CDATA[hi welcome to new place]]>
            </line>
          </reporter-output>
        </test-method> <!-- demo1 -->
      </class> <!-- demo.Tst2 -->
    </test> <!-- Default test -->
  </suite> <!-- Default suite -->
</testng-results>
